# JRE version: Java(TM) SE Runtime Environment (8.0_171-b11) (build 1.8.0_171-b11)
# Java VM: Java HotSpot(TM) 64-Bit Server VM (25.171-b11 mixed mode windows-amd64 compressed oops)
Heap:
 PSYoungGen      total 20480K, used 3141K [0x00000000e0000000, 0x00000000e1900000, 0x0000000100000000)
  eden space 15360K, 12% used [0x00000000e0000000,0x00000000e01da478,0x00000000e0f00000)
  from space 5120K, 24% used [0x00000000e1400000,0x00000000e1536fe8,0x00000000e1900000)
  to   space 5120K, 0% used [0x00000000e0f00000,0x00000000e0f00000,0x00000000e1400000)
 ParOldGen       total 37888K, used 8443K [0x00000000a0000000, 0x00000000a2500000, 0x00000000e0000000)
  object space 37888K, 22% used [0x00000000a0000000,0x00000000a083ee28,0x00000000a2500000)
 Metaspace       used 21998K, capacity 22864K, committed 23040K, reserved 1069056K
  class space    used 3256K, capacity 3466K, committed 3584K, reserved 1048576K
GC Heap History (10 events):
Event: 31.858 GC heap before
{Heap before GC invocations=13 (full 0):
 PSYoungGen      total 20480K, used 16727K [0x00000000e0000000, 0x00000000e1900000, 0x0000000100000000)
  eden space 15360K, 100% used [0x00000000e0000000,0x00000000e0f00000,0x00000000e0f00000)
  from space 5120K, 26% used [0x00000000e1400000,0x00000000e1555f78,0x00000000e1900000)
  to   space 5120K, 0% used [0x00000000e0f00000,0x00000000e0f00000,0x00000000e1400000)
 ParOldGen       total 44032K, used 9414K [0x00000000a0000000, 0x00000000a2b00000, 0x00000000e0000000)
  object space 44032K, 21% used [0x00000000a0000000,0x00000000a0931838,0x00000000a2b00000)
 Metaspace       used 19324K, capacity 20042K, committed 20224K, reserved 1067008K
  class space    used 2802K, capacity 2963K, committed 3072K, reserved 1048576K
Event: 31.869 GC heap after
Heap after GC invocations=13 (full 0):
 PSYoungGen      total 20480K, used 1429K [0x00000000e0000000, 0x00000000e1900000, 0x0000000100000000)
  eden space 15360K, 0% used [0x00000000e0000000,0x00000000e0000000,0x00000000e0f00000)
  from space 5120K, 27% used [0x00000000e0f00000,0x00000000e1065718,0x00000000e1400000)
  to   space 5120K, 0% used [0x00000000e1400000,0x00000000e1400000,0x00000000e1900000)
 ParOldGen       total 44032K, used 9798K [0x00000000a0000000, 0x00000000a2b00000, 0x00000000e0000000)
  object space 44032K, 22% used [0x00000000a0000000,0x00000000a0991838,0x00000000a2b00000)
 Metaspace       used 19324K, capacity 20042K, committed 20224K, reserved 1067008K
  class space    used 2802K, capacity 2963K, committed 3072K, reserved 1048576K
}
Event: 36.957 GC heap before
{Heap before GC invocations=14 (full 0):
 PSYoungGen      total 20480K, used 14628K [0x00000000e0000000, 0x00000000e1900000, 0x0000000100000000)
  eden space 15360K, 85% used [0x00000000e0000000,0x00000000e0ce3920,0x00000000e0f00000)
  from space 5120K, 27% used [0x00000000e0f00000,0x00000000e1065718,0x00000000e1400000)
  to   space 5120K, 0% used [0x00000000e1400000,0x00000000e1400000,0x00000000e1900000)
 ParOldGen       total 44032K, used 9798K [0x00000000a0000000, 0x00000000a2b00000, 0x00000000e0000000)
  object space 44032K, 22% used [0x00000000a0000000,0x00000000a0991838,0x00000000a2b00000)
 Metaspace       used 20390K, capacity 21146K, committed 21296K, reserved 1067008K
  class space    used 2986K, capacity 3173K, committed 3200K, reserved 1048576K
Event: 36.965 GC heap after
Heap after GC invocations=14 (full 0):
 PSYoungGen      total 20480K, used 1684K [0x00000000e0000000, 0x00000000e1900000, 0x0000000100000000)
  eden space 15360K, 0% used [0x00000000e0000000,0x00000000e0000000,0x00000000e0f00000)
  from space 5120K, 32% used [0x00000000e1400000,0x00000000e15a5258,0x00000000e1900000)
  to   space 5120K, 0% used [0x00000000e0f00000,0x00000000e0f00000,0x00000000e1400000)
 ParOldGen       total 44032K, used 10293K [0x00000000a0000000, 0x00000000a2b00000, 0x00000000e0000000)
  object space 44032K, 23% used [0x00000000a0000000,0x00000000a0a0d718,0x00000000a2b00000)
 Metaspace       used 20390K, capacity 21146K, committed 21296K, reserved 1067008K
  class space    used 2986K, capacity 3173K, committed 3200K, reserved 1048576K
}
Event: 36.965 GC heap before
{Heap before GC invocations=15 (full 1):
 PSYoungGen      total 20480K, used 1684K [0x00000000e0000000, 0x00000000e1900000, 0x0000000100000000)
  eden space 15360K, 0% used [0x00000000e0000000,0x00000000e0000000,0x00000000e0f00000)
  from space 5120K, 32% used [0x00000000e1400000,0x00000000e15a5258,0x00000000e1900000)
  to   space 5120K, 0% used [0x00000000e0f00000,0x00000000e0f00000,0x00000000e1400000)
 ParOldGen       total 44032K, used 10293K [0x00000000a0000000, 0x00000000a2b00000, 0x00000000e0000000)
  object space 44032K, 23% used [0x00000000a0000000,0x00000000a0a0d718,0x00000000a2b00000)
 Metaspace       used 20390K, capacity 21146K, committed 21296K, reserved 1067008K
  class space    used 2986K, capacity 3173K, committed 3200K, reserved 1048576K
Event: 37.234 GC heap after
Heap after GC invocations=15 (full 1):
 PSYoungGen      total 20480K, used 0K [0x00000000e0000000, 0x00000000e1900000, 0x0000000100000000)
  eden space 15360K, 0% used [0x00000000e0000000,0x00000000e0000000,0x00000000e0f00000)
  from space 5120K, 0% used [0x00000000e1400000,0x00000000e1400000,0x00000000e1900000)
  to   space 5120K, 0% used [0x00000000e0f00000,0x00000000e0f00000,0x00000000e1400000)
 ParOldGen       total 37888K, used 8427K [0x00000000a0000000, 0x00000000a2500000, 0x00000000e0000000)
  object space 37888K, 22% used [0x00000000a0000000,0x00000000a083ae28,0x00000000a2500000)
 Metaspace       used 20390K, capacity 21146K, committed 21296K, reserved 1067008K
  class space    used 2986K, capacity 3173K, committed 3200K, reserved 1048576K
}
Event: 41.280 GC heap before
{Heap before GC invocations=16 (full 1):
 PSYoungGen      total 20480K, used 15360K [0x00000000e0000000, 0x00000000e1900000, 0x0000000100000000)
  eden space 15360K, 100% used [0x00000000e0000000,0x00000000e0f00000,0x00000000e0f00000)
  from space 5120K, 0% used [0x00000000e1400000,0x00000000e1400000,0x00000000e1900000)
  to   space 5120K, 0% used [0x00000000e0f00000,0x00000000e0f00000,0x00000000e1400000)
 ParOldGen       total 37888K, used 8427K [0x00000000a0000000, 0x00000000a2500000, 0x00000000e0000000)
  object space 37888K, 22% used [0x00000000a0000000,0x00000000a083ae28,0x00000000a2500000)
 Metaspace       used 21117K, capacity 21924K, committed 22016K, reserved 1069056K
  class space    used 3122K, capacity 3314K, committed 3328K, reserved 1048576K
Event: 41.288 GC heap after
Heap after GC invocations=16 (full 1):
 PSYoungGen      total 20480K, used 1102K [0x00000000e0000000, 0x00000000e1900000, 0x0000000100000000)
  eden space 15360K, 0% used [0x00000000e0000000,0x00000000e0000000,0x00000000e0f00000)
  from space 5120K, 21% used [0x00000000e0f00000,0x00000000e1013a50,0x00000000e1400000)
  to   space 5120K, 0% used [0x00000000e1400000,0x00000000e1400000,0x00000000e1900000)
 ParOldGen       total 37888K, used 8435K [0x00000000a0000000, 0x00000000a2500000, 0x00000000e0000000)
  object space 37888K, 22% used [0x00000000a0000000,0x00000000a083ce28,0x00000000a2500000)
 Metaspace       used 21117K, capacity 21924K, committed 22016K, reserved 1069056K
  class space    used 3122K, capacity 3314K, committed 3328K, reserved 1048576K
}
Event: 44.562 GC heap before
{Heap before GC invocations=17 (full 1):
 PSYoungGen      total 20480K, used 16462K [0x00000000e0000000, 0x00000000e1900000, 0x0000000100000000)
  eden space 15360K, 100% used [0x00000000e0000000,0x00000000e0f00000,0x00000000e0f00000)
  from space 5120K, 21% used [0x00000000e0f00000,0x00000000e1013a50,0x00000000e1400000)
  to   space 5120K, 0% used [0x00000000e1400000,0x00000000e1400000,0x00000000e1900000)
 ParOldGen       total 37888K, used 8435K [0x00000000a0000000, 0x00000000a2500000, 0x00000000e0000000)
  object space 37888K, 22% used [0x00000000a0000000,0x00000000a083ce28,0x00000000a2500000)
 Metaspace       used 21734K, capacity 22576K, committed 22656K, reserved 1069056K
  class space    used 3213K, capacity 3434K, committed 3456K, reserved 1048576K
Event: 44.565 GC heap after
Heap after GC invocations=17 (full 1):
 PSYoungGen      total 20480K, used 1243K [0x00000000e0000000, 0x00000000e1900000, 0x0000000100000000)
  eden space 15360K, 0% used [0x00000000e0000000,0x00000000e0000000,0x00000000e0f00000)
  from space 5120K, 24% used [0x00000000e1400000,0x00000000e1536fe8,0x00000000e1900000)
  to   space 5120K, 0% used [0x00000000e0f00000,0x00000000e0f00000,0x00000000e1400000)
 ParOldGen       total 37888K, used 8443K [0x00000000a0000000, 0x00000000a2500000, 0x00000000e0000000)
  object space 37888K, 22% used [0x00000000a0000000,0x00000000a083ee28,0x00000000a2500000)
 Metaspace       used 21734K, capacity 22576K, committed 22656K, reserved 1069056K
  class space    used 3213K, capacity 3434K, committed 3456K, reserved 1048576K
}

